
DevTools listening on ws://127.0.0.1:9222/devtools/browser/c7a1a324-a264-4958-9395-8fb6820c7d69
[19749:19772:0302/214815.989435:ERROR:google_apis/gcm/engine/registration_request.cc:290] Registration response error message: DEPRECATED_ENDPOINT
[19816:19823:0302/214817.758731:ERROR:net/socket/ssl_client_socket_impl.cc:918] handshake failed; returned -1, SSL error code 1, net_error -101
[19816:19823:0302/214817.858968:ERROR:net/socket/ssl_client_socket_impl.cc:918] handshake failed; returned -1, SSL error code 1, net_error -101
[19816:19823:0302/214820.096507:ERROR:net/socket/ssl_client_socket_impl.cc:918] handshake failed; returned -1, SSL error code 1, net_error -101
[19816:19823:0302/214820.141808:ERROR:net/socket/ssl_client_socket_impl.cc:918] handshake failed; returned -1, SSL error code 1, net_error -101
[19816:19823:0302/214821.932115:ERROR:net/socket/ssl_client_socket_impl.cc:918] handshake failed; returned -1, SSL error code 1, net_error -101
[19816:19823:0302/214822.001736:ERROR:net/socket/ssl_client_socket_impl.cc:918] handshake failed; returned -1, SSL error code 1, net_error -101
[19816:19823:0302/214824.886293:ERROR:net/socket/ssl_client_socket_impl.cc:918] handshake failed; returned -1, SSL error code 1, net_error -101
[19749:19749:0302/214829.438390:ERROR:mojo/public/cpp/bindings/lib/interface_endpoint_client.cc:748] Message 1 rejected by interface blink.mojom.WidgetHost
[19749:19772:0302/214836.869216:ERROR:google_apis/gcm/engine/registration_request.cc:290] Registration response error message: DEPRECATED_ENDPOINT
[19816:19823:0302/214839.551132:ERROR:net/socket/ssl_client_socket_impl.cc:918] handshake failed; returned -1, SSL error code 1, net_error -101
[19816:19823:0302/214839.688780:ERROR:net/socket/ssl_client_socket_impl.cc:918] handshake failed; returned -1, SSL error code 1, net_error -101
[19749:19849:0302/214840.543123:ERROR:content/browser/browser_main_loop.cc:290] GLib: g_main_context_pop_thread_default: assertion 'stack != NULL' failed
[19749:19848:0302/214840.543123:ERROR:content/browser/browser_main_loop.cc:290] GLib: g_main_context_pop_thread_default: assertion 'stack != NULL' failed
[19749:19850:0302/214840.543140:ERROR:content/browser/browser_main_loop.cc:290] GLib: g_main_context_pop_thread_default: assertion 'stack != NULL' failed
[19816:19823:0302/214844.844562:ERROR:net/socket/ssl_client_socket_impl.cc:918] handshake failed; returned -1, SSL error code 1, net_error -101
[19816:19823:0302/214844.974420:ERROR:net/socket/ssl_client_socket_impl.cc:918] handshake failed; returned -1, SSL error code 1, net_error -101
[19816:19823:0302/214851.319286:ERROR:net/socket/ssl_client_socket_impl.cc:918] handshake failed; returned -1, SSL error code 1, net_error -101
[19749:19772:0302/214928.919765:ERROR:google_apis/gcm/engine/registration_request.cc:290] Registration response error message: DEPRECATED_ENDPOINT
[19816:19823:0302/214939.053989:ERROR:net/socket/ssl_client_socket_impl.cc:918] handshake failed; returned -1, SSL error code 1, net_error -101
[19816:19823:0302/215040.732159:ERROR:net/socket/ssl_client_socket_impl.cc:918] handshake failed; returned -1, SSL error code 1, net_error -101
[19816:19823:0302/215040.894393:ERROR:net/socket/ssl_client_socket_impl.cc:918] handshake failed; returned -1, SSL error code 1, net_error -101
[19749:19772:0302/215127.236862:ERROR:google_apis/gcm/engine/registration_request.cc:290] Registration response error message: DEPRECATED_ENDPOINT
[19816:19823:0302/215200.682635:ERROR:net/socket/ssl_client_socket_impl.cc:918] handshake failed; returned -1, SSL error code 1, net_error -101
[19816:19823:0302/215200.828253:ERROR:net/socket/ssl_client_socket_impl.cc:918] handshake failed; returned -1, SSL error code 1, net_error -101
[19816:19823:0302/215206.701397:ERROR:net/socket/ssl_client_socket_impl.cc:918] handshake failed; returned -1, SSL error code 1, net_error -101
[19816:19823:0302/215206.981313:ERROR:net/socket/ssl_client_socket_impl.cc:918] handshake failed; returned -1, SSL error code 1, net_error -101
[19816:19823:0302/215316.657850:ERROR:net/socket/ssl_client_socket_impl.cc:918] handshake failed; returned -1, SSL error code 1, net_error -101
[19816:19823:0302/215317.252999:ERROR:net/socket/ssl_client_socket_impl.cc:918] handshake failed; returned -1, SSL error code 1, net_error -101
[19816:19823:0302/215358.244207:ERROR:net/socket/ssl_client_socket_impl.cc:918] handshake failed; returned -1, SSL error code 1, net_error -101
[19749:19772:0302/215515.532916:ERROR:google_apis/gcm/engine/registration_request.cc:290] Registration response error message: DEPRECATED_ENDPOINT
