
DevTools listening on ws://127.0.0.1:9222/devtools/browser/fca89413-2c4e-4f6b-82d4-465d540b87c2
[25342:25349:0302/222913.265427:ERROR:net/socket/ssl_client_socket_impl.cc:918] handshake failed; returned -1, SSL error code 1, net_error -101
[25342:25349:0302/222913.370705:ERROR:net/socket/ssl_client_socket_impl.cc:918] handshake failed; returned -1, SSL error code 1, net_error -101
[25277:25300:0302/222915.125823:ERROR:google_apis/gcm/engine/registration_request.cc:290] Registration response error message: DEPRECATED_ENDPOINT
[25342:25349:0302/222915.632207:ERROR:net/socket/ssl_client_socket_impl.cc:918] handshake failed; returned -1, SSL error code 1, net_error -101
[25342:25349:0302/222915.681222:ERROR:net/socket/ssl_client_socket_impl.cc:918] handshake failed; returned -1, SSL error code 1, net_error -101
[25342:25349:0302/222918.547082:ERROR:net/socket/ssl_client_socket_impl.cc:918] handshake failed; returned -1, SSL error code 1, net_error -101
[25277:25375:0302/222939.721960:ERROR:content/browser/browser_main_loop.cc:290] GLib: g_main_context_pop_thread_default: assertion 'stack != NULL' failed
[25277:25373:0302/222939.721963:ERROR:content/browser/browser_main_loop.cc:290] GLib: g_main_context_pop_thread_default: assertion 'stack != NULL' failed
[25277:25374:0302/222939.721971:ERROR:content/browser/browser_main_loop.cc:290] GLib: g_main_context_pop_thread_default: assertion 'stack != NULL' failed
[25277:25300:0302/222943.459084:ERROR:google_apis/gcm/engine/registration_request.cc:290] Registration response error message: DEPRECATED_ENDPOINT
[25342:25349:0302/223017.548419:ERROR:net/socket/ssl_client_socket_impl.cc:918] handshake failed; returned -1, SSL error code 1, net_error -101
[25342:25349:0302/223017.694158:ERROR:net/socket/ssl_client_socket_impl.cc:918] handshake failed; returned -1, SSL error code 1, net_error -101
[25342:25349:0302/223021.456496:ERROR:net/socket/ssl_client_socket_impl.cc:918] handshake failed; returned -1, SSL error code 1, net_error -101
[25342:25349:0302/223021.532004:ERROR:net/socket/ssl_client_socket_impl.cc:918] handshake failed; returned -1, SSL error code 1, net_error -101
[25342:25349:0302/223027.944467:ERROR:net/socket/ssl_client_socket_impl.cc:918] handshake failed; returned -1, SSL error code 1, net_error -101
[25342:25349:0302/223028.389162:ERROR:net/socket/ssl_client_socket_impl.cc:918] handshake failed; returned -1, SSL error code 1, net_error -101
[25277:25300:0302/223033.629154:ERROR:google_apis/gcm/engine/registration_request.cc:290] Registration response error message: DEPRECATED_ENDPOINT
[25342:25349:0302/223045.134389:ERROR:net/socket/ssl_client_socket_impl.cc:918] handshake failed; returned -1, SSL error code 1, net_error -101
[25277:25300:0302/223212.650878:ERROR:google_apis/gcm/engine/registration_request.cc:290] Registration response error message: DEPRECATED_ENDPOINT
[25277:25300:0302/223559.816435:ERROR:google_apis/gcm/engine/registration_request.cc:290] Registration response error message: QUOTA_EXCEEDED
[25342:25349:0302/224410.823262:ERROR:net/socket/ssl_client_socket_impl.cc:918] handshake failed; returned -1, SSL error code 1, net_error -101
[25277:25315:0302/225441.263830:ERROR:content/browser/browser_main_loop.cc:290] GLib: g_main_context_pop_thread_default: assertion 'stack != NULL' failed
QThreadStorage: entry 2 destroyed before end of thread 0x326c0088b420
QThreadStorage: entry 1 destroyed before end of thread 0x326c0088b420
